[20:45:57] [main/INFO]: Setting user: Player750
[20:45:58] [Client thread/INFO]: LWJGL Version: 2.9.1
[20:46:03] [Client thread/INFO]: Reloading ResourceManager: Default, FMLFileResourcePack:Forge Mod Loader, FMLFileResourcePack:Minecraft Forge, FMLFileResourcePack:sRoxasmod
[20:46:04] [Sound Library Loader/INFO]: Sound engine started
[20:46:07] [Client thread/ERROR]: Using missing texture, unable to load minecraft:textures/blocks/MISSING_ICON_BLOCK_190_WoodenTable.png
java.io.FileNotFoundException: minecraft:textures/blocks/MISSING_ICON_BLOCK_190_WoodenTable.png
	at net.minecraft.client.resources.FallbackResourceManager.getResource(FallbackResourceManager.java:65) ~[FallbackResourceManager.class:?]
	at net.minecraft.client.resources.SimpleReloadableResourceManager.getResource(SimpleReloadableResourceManager.java:67) ~[SimpleReloadableResourceManager.class:?]
	at net.minecraft.client.renderer.texture.TextureMap.loadTextureAtlas(TextureMap.java:126) [TextureMap.class:?]
	at net.minecraft.client.renderer.texture.TextureMap.loadTexture(TextureMap.java:91) [TextureMap.class:?]
	at net.minecraft.client.renderer.texture.TextureManager.loadTexture(TextureManager.java:89) [TextureManager.class:?]
	at net.minecraft.client.renderer.texture.TextureManager.loadTickableTexture(TextureManager.java:71) [TextureManager.class:?]
	at net.minecraft.client.renderer.texture.TextureManager.loadTextureMap(TextureManager.java:58) [TextureManager.class:?]
	at net.minecraft.client.Minecraft.startGame(Minecraft.java:582) [Minecraft.class:?]
	at net.minecraft.client.Minecraft.run(Minecraft.java:931) [Minecraft.class:?]
	at net.minecraft.client.main.Main.main(Main.java:164) [Main.class:?]
	at sun.reflect.NativeMethodAccessorImpl.invoke0(Native Method) ~[?:1.7.0_60]
	at sun.reflect.NativeMethodAccessorImpl.invoke(NativeMethodAccessorImpl.java:57) ~[?:1.7.0_60]
	at sun.reflect.DelegatingMethodAccessorImpl.invoke(DelegatingMethodAccessorImpl.java:43) ~[?:1.7.0_60]
	at java.lang.reflect.Method.invoke(Method.java:606) ~[?:1.7.0_60]
	at net.minecraft.launchwrapper.Launch.launch(Launch.java:134) [launchwrapper-1.9.jar:?]
	at net.minecraft.launchwrapper.Launch.main(Launch.java:28) [launchwrapper-1.9.jar:?]
	at net.minecraftforge.gradle.GradleStartCommon.launch(GradleStartCommon.java:78) [start/:?]
	at GradleStart.main(GradleStart.java:45) [start/:?]
[20:46:07] [Client thread/INFO]: Created: 512x256 textures/blocks-atlas
[20:46:07] [Client thread/INFO]: Created: 512x256 textures/items-atlas
[20:46:07] [Client thread/INFO]: Reloading ResourceManager: Default, FMLFileResourcePack:Forge Mod Loader, FMLFileResourcePack:Minecraft Forge, FMLFileResourcePack:sRoxasmod
[20:46:08] [Client thread/INFO]: Created: 512x256 textures/items-atlas
[20:46:08] [Client thread/ERROR]: Using missing texture, unable to load minecraft:textures/blocks/MISSING_ICON_BLOCK_190_WoodenTable.png
java.io.FileNotFoundException: minecraft:textures/blocks/MISSING_ICON_BLOCK_190_WoodenTable.png
	at net.minecraft.client.resources.FallbackResourceManager.getResource(FallbackResourceManager.java:65) ~[FallbackResourceManager.class:?]
	at net.minecraft.client.resources.SimpleReloadableResourceManager.getResource(SimpleReloadableResourceManager.java:67) ~[SimpleReloadableResourceManager.class:?]
	at net.minecraft.client.renderer.texture.TextureMap.loadTextureAtlas(TextureMap.java:126) [TextureMap.class:?]
	at net.minecraft.client.renderer.texture.TextureMap.loadTexture(TextureMap.java:91) [TextureMap.class:?]
	at net.minecraft.client.renderer.texture.TextureManager.loadTexture(TextureManager.java:89) [TextureManager.class:?]
	at net.minecraft.client.renderer.texture.TextureManager.onResourceManagerReload(TextureManager.java:170) [TextureManager.class:?]
	at net.minecraft.client.resources.SimpleReloadableResourceManager.notifyReloadListeners(SimpleReloadableResourceManager.java:134) [SimpleReloadableResourceManager.class:?]
	at net.minecraft.client.resources.SimpleReloadableResourceManager.reloadResources(SimpleReloadableResourceManager.java:118) [SimpleReloadableResourceManager.class:?]
	at net.minecraft.client.Minecraft.refreshResources(Minecraft.java:643) [Minecraft.class:?]
	at cpw.mods.fml.client.FMLClientHandler.finishMinecraftLoading(FMLClientHandler.java:303) [FMLClientHandler.class:?]
	at net.minecraft.client.Minecraft.startGame(Minecraft.java:586) [Minecraft.class:?]
	at net.minecraft.client.Minecraft.run(Minecraft.java:931) [Minecraft.class:?]
	at net.minecraft.client.main.Main.main(Main.java:164) [Main.class:?]
	at sun.reflect.NativeMethodAccessorImpl.invoke0(Native Method) ~[?:1.7.0_60]
	at sun.reflect.NativeMethodAccessorImpl.invoke(NativeMethodAccessorImpl.java:57) ~[?:1.7.0_60]
	at sun.reflect.DelegatingMethodAccessorImpl.invoke(DelegatingMethodAccessorImpl.java:43) ~[?:1.7.0_60]
	at java.lang.reflect.Method.invoke(Method.java:606) ~[?:1.7.0_60]
	at net.minecraft.launchwrapper.Launch.launch(Launch.java:134) [launchwrapper-1.9.jar:?]
	at net.minecraft.launchwrapper.Launch.main(Launch.java:28) [launchwrapper-1.9.jar:?]
	at net.minecraftforge.gradle.GradleStartCommon.launch(GradleStartCommon.java:78) [start/:?]
	at GradleStart.main(GradleStart.java:45) [start/:?]
[20:46:08] [Client thread/INFO]: Created: 512x256 textures/blocks-atlas
[20:46:09] [Sound Library Loader/INFO]: Sound engine started
[20:46:40] [Server thread/INFO]: Starting integrated minecraft server version 1.7.10
[20:46:40] [Server thread/INFO]: Generating keypair
[20:46:40] [Server thread/INFO]: Preparing start region for level 0
[20:46:41] [Server thread/INFO]: Changing view distance to 12, from 10
[20:46:41] [Server thread/INFO]: Player750[local:E:a022cc47] logged in with entity id 237 at (364.0886304335947, 4.0, 617.8265723464881)
[20:46:41] [Server thread/INFO]: Player750 joined the game
[20:46:45] [Server thread/INFO]: Player750 has just earned the achievement [Taking Inventory]
[20:46:45] [Client thread/INFO]: [CHAT] Player750 has just earned the achievement [Taking Inventory]
[20:47:37] [Server thread/INFO]: Saving and pausing game...
[20:47:37] [Server thread/INFO]: Saving chunks for level 'New World'/Overworld
[20:47:37] [Server thread/INFO]: Saving chunks for level 'New World'/Nether
[20:47:37] [Server thread/INFO]: Saving chunks for level 'New World'/The End
[20:47:37] [Server thread/INFO]: Stopping server
[20:47:37] [Server thread/INFO]: Saving players
[20:47:37] [Server thread/INFO]: Saving worlds
[20:47:37] [Server thread/INFO]: Saving chunks for level 'New World'/Overworld
[20:47:37] [Server thread/INFO]: Saving chunks for level 'New World'/Nether
[20:47:37] [Server thread/INFO]: Saving chunks for level 'New World'/The End
[20:47:38] [Client thread/INFO]: Stopping!
